========================================================================
HBS-C20: Closure Firewall Localization & Causal Boundary Extraction
========================================================================
Total cycles : 6000
Mode A       : 2000 cycles  (sub A1=672 A2=672 A3=656)
Mode B       : 2000 cycles  (sub B1=1000 B2=1000)
Mode C       : 2000 cycles

────────────────────────────────────────────────────────────────────────
MODE A — Pure Injection Propagation Trace
────────────────────────────────────────────────────────────────────────
  ── A1-op_a-injection (672 cy, 671 injection changes) ──
    BTF(B1_mant) cond_P=0.9970  r=0.5765  lag_r=[0.576,0.002,0.002,0.002]  CHD=0
    BTF(B1_computed) cond_P=1.0000  r=1.0000  lag_r=[1.000,0.000,0.000,0.000]  CHD=0
    BTF(B2_accum_w) cond_P=0.9851  r=0.2993  lag_r=[0.299,0.005,0.005,0.005]  CHD=0
    BTF(B2_accum_r) cond_P=1.0000  r=0.0000  lag_r=[0.000,0.000,0.000,0.000]  CHD=∞
    BTF(B3_result) cond_P=1.0000  r=0.0000  lag_r=[0.000,0.000,0.000,0.000]  CHD=∞
    CVS (computed_ref ≠ 0x830) : 0

  ── A2-mode_tag-injection (672 cy, 520 injection changes) ──
    BTF(B1_mant) cond_P=0.0000  r=0.0000  lag_r=[0.000,0.000,0.000,0.000]  CHD=∞
    BTF(B1_computed) cond_P=0.0000  r=0.0000  lag_r=[0.000,0.000,0.000,0.000]  CHD=∞
    BTF(B2_accum_w) cond_P=0.6712  r=0.5566  lag_r=[0.557,0.263,0.044,0.014]  CHD=0
    BTF(B2_accum_r) cond_P=1.0000  r=0.0000  lag_r=[0.000,0.000,0.000,0.000]  CHD=∞
    BTF(B3_result) cond_P=0.0000  r=0.0714  lag_r=[0.071,0.000,0.000,0.000]  CHD=0
    CVS (computed_ref ≠ 0x830) : 0

  ── A3-accum_clr-injection (656 cy, 337 injection changes) ──
    BTF(B1_mant) cond_P=0.0000  r=0.0000  lag_r=[0.000,0.000,0.000,0.000]  CHD=∞
    BTF(B1_computed) cond_P=0.0000  r=0.0000  lag_r=[0.000,0.000,0.000,0.000]  CHD=∞
    BTF(B2_accum_w) cond_P=0.0000  r=0.0000  lag_r=[0.000,0.000,0.000,0.000]  CHD=∞
    BTF(B2_accum_r) cond_P=1.0000  r=0.5910  lag_r=[0.591,0.008,0.005,0.043]  CHD=0
    BTF(B3_result) cond_P=0.0000  r=0.0000  lag_r=[0.000,0.000,0.000,0.000]  CHD=∞
    CVS (computed_ref ≠ 0x830) : 0

  Firewall Sharpness Index (FSI)
  --------------------------------------------------
    A1-op_a-injection: FSI = 1.0000  (BTF_B1=1.0000)
    A2-mode_tag-injection: FSI = ∞  (BTF_B1=0.0 — perfect step firewall)
    A3-accum_clr-injection: FSI = ∞  (BTF_B1=0.0 — perfect step firewall)

────────────────────────────────────────────────────────────────────────
MODE B — Deterministic Reverse Isolation Sweep
────────────────────────────────────────────────────────────────────────
  [B1 op_a sweep + mode_tag cycle] Injection: b0_op_a_inj  (1000 cy)
    RCS  b1_computed: R²_fwd(inj→b)=1.000000  R²_rev(b→inj)=1.000000
    RCS  b2_accum_reg: R²_fwd(inj→b)=0.938494  R²_rev(b→inj)=0.938494
    RCS  b3_result: R²_fwd(inj→b)=1.000000  R²_rev(b→inj)=1.000000
    RCS  b4_e_field: R²_fwd(inj→b)=1.000000  R²_rev(b→inj)=1.000000

  [B1 mode_tag channel alone] Injection: b0_mode_tag_inj  (1000 cy)
    RCS  b1_computed: R²_fwd(inj→b)=0.000086  R²_rev(b→inj)=0.000086
    RCS  b2_accum_reg: R²_fwd(inj→b)=0.000088  R²_rev(b→inj)=0.000088
    RCS  b3_result: R²_fwd(inj→b)=0.000086  R²_rev(b→inj)=0.000086
    RCS  b4_e_field: R²_fwd(inj→b)=0.000086  R²_rev(b→inj)=0.000086

  [B2 mode_tag only (op_a locked)] Injection: b0_mode_tag_inj  (1000 cy)
    RCS  b1_computed: R²_fwd(inj→b)=     NaN  R²_rev(b→inj)=     NaN
    RCS  b2_accum_reg: R²_fwd(inj→b)=0.000173  R²_rev(b→inj)=0.000173
    RCS  b3_result: R²_fwd(inj→b)=     NaN  R²_rev(b→inj)=     NaN
    RCS  b4_e_field: R²_fwd(inj→b)=     NaN  R²_rev(b→inj)=     NaN

────────────────────────────────────────────────────────────────────────
MODE C — Boundary Saturation Sweep (state channels at max amplitude)
────────────────────────────────────────────────────────────────────────
  CVS (computed_ref ≠ 0x830)      : 0
  CVS (computed_inj ≠ 0x830)      : 0  (inj uses same locked op_a)
  CLI (mode_tag_noise → comp_ref) : NaN
  CLI (accum_clr_noise → comp_ref): NaN
  BTF_B1_cond_P (mt_noise → comp_inj_delta): 0.000000
  Shadow E-field matches real E    : 18/2000 (0.90%)
  Shadow E entropy: unique values = 64/64

────────────────────────────────────────────────────────────────────────
CAUSAL HORIZON DEPTH (CHD) Summary
────────────────────────────────────────────────────────────────────────
  Channel         → Boundary          CHD (cycles)
  --------------------------------------------------
  op_a_inj             → B1_mant               0
  op_a_inj             → B1_computed           0
  op_a_inj             → B2_accum_w            0
  op_a_inj             → B3_result             ∞
  mode_tag_inj         → B1_computed           ∞
  mode_tag_inj         → B2_accum_w            0
  mode_tag_inj         → B3_result             0
  accum_clr_inj        → B1_computed           ∞
  accum_clr_inj        → B2_accum_r            0
  accum_clr_inj        → B3_result             ∞

========================================================================
HARD VALIDATION CRITERIA
========================================================================

CLASSIFICATION: STRONGLY_CLOSED

All BTF values for state channels at B1 are 0 or undefined.
CHD for state channels → B1 = ∞ (no finite horizon).
No backward reconstruction path exists from B1-B4 to state channels.
Firewall is a perfect step function at the B0→B1 boundary.

========================================================================
CLOSURE FIREWALL GEOMETRY
========================================================================

  Signal flow (left = injection source, right = boundary level)

  Channel          B0     B1-ALU  B2-Accum  B3-Out  B4-Obs
  ------------------------------------------------------------
  op_a (input)     1.00  1.000  0.299   0.00  [E-field follows result]
  mode_tag (state) 1.00   0.00  0.557  0.071  ← FIREWALL at B0|B1
  accum_clr(state) 1.00   0.00  0.591   0.00  ← FIREWALL at B0|B1

  The HORUS v3 firewall is a SINGLE-STAGE ZERO-THICKNESS boundary.
  There is no gradual attenuation — influence steps from 1.0 to 0.0
  at the B0→B1 interface for all state channels.
  For input channels (op_a, op_b, op_sel), propagation is lossless
  through all stages (B0 → B1 → B2 → B3 → B4).

FINAL VERDICT: STRONGLY_CLOSED
========================================================================
