========================================================================
  HBS-C6: ADVERSARIAL REAL-WORLD WORKLOAD STRESS-TEST
  2500 total cycles — 5 workloads × 500 cycles
========================================================================

────────────────────────────────────────────────────────────────────────
  W1: Sparse MAC bursts (CLASS_A, 5% spikes)
────────────────────────────────────────────────────────────────────────

  Cycles:            500
  Accum mean:        16677.3
  Accum std:         10354.3
  Boundary cross:       49  (9.8%/cycle)
  UF rate:           0.0%  (0 events)
  OVF rate:          0.0%  (0 events)

  Region distribution:
    COLLAPSE    :  0.000                                           (C5=0.25, Δ=-0.250)
    TRANSITION  :  0.000                                           (C5=0.12, Δ=-0.125)
    STABLE      :  0.950  ██████████████████████████████████████   (C5=0.38, Δ=+0.575)
    SATURATE    :  0.050  ██                                       (C5=0.25, Δ=-0.200)
  KL divergence vs C5:  0.8026 nats
  Collapse exposure:    0.0%  (C5 baseline: 25.0%)

────────────────────────────────────────────────────────────────────────
  W2: Cancellation chains (CLASS_B, ±5–10% jitter)
────────────────────────────────────────────────────────────────────────

  Cycles:            500
  Accum mean:        9304.7
  Accum std:         5955.7
  Boundary cross:        0  (0.0%/cycle)
  UF rate:           0.0%  (0 events)
  OVF rate:          0.0%  (0 events)

  Region distribution:
    COLLAPSE    :  0.000                                           (C5=0.25, Δ=-0.250)
    TRANSITION  :  0.000                                           (C5=0.12, Δ=-0.125)
    STABLE      :  1.000  ████████████████████████████████████████ (C5=0.38, Δ=+0.625)
    SATURATE    :  0.000                                           (C5=0.25, Δ=-0.250)
  KL divergence vs C5:  0.9808 nats
  Collapse exposure:    0.0%  (C5 baseline: 25.0%)

────────────────────────────────────────────────────────────────────────
  W3: Boundary oscillation (CLASS_C, E=14/16/47/48)
────────────────────────────────────────────────────────────────────────

  Cycles:            500
  Accum mean:        12.3
  Accum std:         274.8
  Boundary cross:      373  (74.6%/cycle)
  UF rate:           0.0%  (0 events)
  OVF rate:          0.0%  (0 events)

  Region distribution:
    COLLAPSE    :  0.252  ██████████                               (C5=0.25, Δ=+0.002)
    TRANSITION  :  0.248  █████████                                (C5=0.12, Δ=+0.123)
    STABLE      :  0.000                                           (C5=0.38, Δ=-0.375)
    SATURATE    :  0.500  ████████████████████                     (C5=0.25, Δ=+0.250)
  KL divergence vs C5:  0.5185 nats
  Collapse exposure:    25.2%  (C5 baseline: 25.0%)

────────────────────────────────────────────────────────────────────────
  W4: Deep transformer chain (CLASS_D, feedback)
────────────────────────────────────────────────────────────────────────

  Cycles:            500
  Accum mean:        541.7
  Accum std:         3163.9
  Boundary cross:        1  (0.2%/cycle)
  UF rate:           0.0%  (0 events)
  OVF rate:          60.4%  (302 events)

  Region distribution:
    COLLAPSE    :  0.000                                           (C5=0.25, Δ=-0.250)
    TRANSITION  :  0.014                                           (C5=0.12, Δ=-0.111)
    STABLE      :  0.000                                           (C5=0.38, Δ=-0.375)
    SATURATE    :  0.986  ███████████████████████████████████████  (C5=0.25, Δ=+0.736)
  KL divergence vs C5:  1.3223 nats
  Collapse exposure:    0.0%  (C5 baseline: 25.0%)

────────────────────────────────────────────────────────────────────────
  W5: Saturation spike injection (CLASS_A, 10% spikes)
────────────────────────────────────────────────────────────────────────

  Cycles:            500
  Accum mean:        12540.5
  Accum std:         7823.3
  Boundary cross:       99  (19.8%/cycle)
  UF rate:           0.0%  (0 events)
  OVF rate:          0.0%  (0 events)

  Region distribution:
    COLLAPSE    :  0.000                                           (C5=0.25, Δ=-0.250)
    TRANSITION  :  0.000                                           (C5=0.12, Δ=-0.125)
    STABLE      :  0.900  ████████████████████████████████████     (C5=0.38, Δ=+0.525)
    SATURATE    :  0.100  ████                                     (C5=0.25, Δ=-0.150)
  KL divergence vs C5:  0.6963 nats
  Collapse exposure:    0.0%  (C5 baseline: 25.0%)

────────────────────────────────────────────────────────────────────────
  D. CANCELLATION REALISM ERROR (W2)
────────────────────────────────────────────────────────────────────────

  Mean |result| residual:     0.993531
  Max  |result| residual:     1.046875
  Quantization step at E=32:  0.015625
  Amplification factor:       63.59×
  Accum drift range (W2):     20497

  Assessment: AMPLIFIED — drift exceeds 10× quantization step

────────────────────────────────────────────────────────────────────────
  E. DEEP CHAIN DEGRADATION CURVE (W4)
────────────────────────────────────────────────────────────────────────

  Depth ≤ 16 (pre-epoch):  STABLE=0.0%  UF=0.0%
  Depth >16 (post-epoch):  STABLE=0.0%   UF=0.0%


────────────────────────────────────────────────────────────────────────
  F. TIME-TO-FAILURE-BOUND
────────────────────────────────────────────────────────────────────────

  Threshold: 50% of observed max |accum_out| per workload
  Measurement: cycles from epoch reset until threshold crossed

  W1: mean TTFB = 9.6  min = 9  threshold = 16946  exceeds_16 = False
  W2: mean TTFB = 10.7  min = 9  threshold = 10248  exceeds_16 = False
  W3: accum never reached threshold (TTFB = ∞)
  W4: mean TTFB = 5.0  min = 5  threshold = 10429  exceeds_16 = False
  W5: mean TTFB = 9.3  min = 9  threshold = 13001  exceeds_16 = False

========================================================================
  REQUIRED VALIDATION QUESTIONS (6/6)
========================================================================

  Q1: Does real workload distribution preserve C5 partition topology?
  Answer: PARTIAL — some workloads do not visit all regions under adversarial stimulus.

  Q2: Is stable-band occupancy still dominant under adversarial workloads?
  Answer: WORKLOAD-DEPENDENT — STABLE dominant for 3/5 workloads. Non-dominant: ['W3', 'W4'].

  Q3: Do cancellation workloads amplify residual drift or remain bounded?
  Answer: AMPLIFIED — W2 cancellation residual is 63.6× the E=32 quantization step (0.9935 vs step=0.0156). NFE SUB at equal exponents does not produce true zero; the subtraction residual equals approximately the jitter magnitude, not the cancellation gap. This is the HBS-9 cancellation bias: NFE is not a cancellation-safe arithmetic. C4 routes CLASS_B through NORMALIZE_THEN_EXECUTE precisely because of this.

  Q4: Does depth behavior remain independent under real transformer-like chains?
  Answer: YES — depth override produces mode=010 consistently in W4; depth management is independent of chain content.

  Q5: Is collapse rate invariant or workload-sensitive?
  Answer: WORKLOAD-SENSITIVE — collapse rate varies from 0.0% to 25.2% (range=25.2%). C5 uniform baseline was 25%. Real distributions shift collapse exposure significantly.

  Q6: Is Time-to-Failure-Bound consistently > epoch depth threshold (16)?
  Answer: WARNING — some workloads reach 50% saturation in ≤16 cycles: ['W1', 'W2', 'W4', 'W5']. Epoch depth threshold may be insufficient for these workloads.

========================================================================
  C6 FINAL CLASSIFICATION
========================================================================

  Average KL divergence from C5 baseline: 0.8641 nats
  Collapse exposure range:                0.0% – 25.2%
  C5 baseline collapse:                   25.0%
  Cancellation amplification (W2):        63.6×

  Classification: WORKLOAD-SENSITIVE DISTRIBUTION
    Real workloads deviate significantly from C5 uniform baseline.
    C5 partition topology is preserved (kernel decisions remain valid).
    Collapse exposure is workload-dependent, not invariant.
    C6 confirms: internal partition validity does not guarantee
    uniform distribution under adversarial external stimulus.

  (All figures derived from HBS_C6_REAL_WORLD.csv.)
========================================================================
